0 info it worked if it ends with ok
1 verbose cli [ 'C:\\Program Files\\nodejs\\node.exe',
1 verbose cli   'C:\\Program Files\\nodejs\\node_modules\\npm\\bin\\npm-cli.js',
1 verbose cli   'install',
1 verbose cli   'git+https://github.com/sdk-group/iris-auth.git' ]
2 info using npm@3.3.12
3 info using node@v5.1.1
4 silly loadCurrentTree Starting
5 silly install loadCurrentTree
6 silly install readLocalPackageData
7 silly fetchPackageMetaData git+https://github.com/sdk-group/iris-auth.git
8 silly fetchOtherPackageData git+https://github.com/sdk-group/iris-auth.git
9 silly cache add args [ 'git+https://github.com/sdk-group/iris-auth.git', null ]
10 verbose cache add spec git+https://github.com/sdk-group/iris-auth.git
11 silly cache add parsed spec Result {
11 silly cache add   raw: 'git+https://github.com/sdk-group/iris-auth.git',
11 silly cache add   scope: null,
11 silly cache add   name: null,
11 silly cache add   rawSpec: 'git+https://github.com/sdk-group/iris-auth.git',
11 silly cache add   spec: 'git+https://github.com/sdk-group/iris-auth.git',
11 silly cache add   type: 'hosted',
11 silly cache add   hosted:
11 silly cache add    { type: 'github',
11 silly cache add      ssh: 'git@github.com:sdk-group/iris-auth.git',
11 silly cache add      sshUrl: 'git+ssh://git@github.com/sdk-group/iris-auth.git',
11 silly cache add      httpsUrl: 'git+https://github.com/sdk-group/iris-auth.git',
11 silly cache add      gitUrl: 'git://github.com/sdk-group/iris-auth.git',
11 silly cache add      shortcut: 'github:sdk-group/iris-auth',
11 silly cache add      directUrl: 'https://raw.githubusercontent.com/sdk-group/iris-auth/master/package.json' } }
12 verbose addRemoteGit caching git+https://github.com/sdk-group/iris-auth.git
13 verbose addRemoteGit git+https://github.com/sdk-group/iris-auth.git is a repository hosted by github
14 silly tryClone cloning git+https://github.com/sdk-group/iris-auth.git via git+https://github.com/sdk-group/iris-auth.git
15 verbose tryClone git-https-github-com-sdk-group-iris-auth-git-53a4c4a8c812f4ed15289ca6be960d1e not in flight; caching
16 info git [ 'config', '--get', 'remote.origin.url' ]
17 silly validateExistingRemote git+https://github.com/sdk-group/iris-auth.git remote.origin.url: https://github.com/sdk-group/iris-auth.git
18 verbose validateExistingRemote git+https://github.com/sdk-group/iris-auth.git is updating existing cached remote C:\Users\Vergil\AppData\Roaming\npm-cache\_git-remotes\git-https-github-com-sdk-group-iris-auth-git-53a4c4a8c812f4ed15289ca6be960d1e
19 info git [ 'fetch', '-a', 'origin' ]
20 verbose updateRemote git fetch -a origin (https://github.com/sdk-group/iris-auth.git)
21 verbose setPermissions git+https://github.com/sdk-group/iris-auth.git skipping chownr on Windows
22 verbose resolveHead git+https://github.com/sdk-group/iris-auth.git original treeish: master
23 info git [ 'rev-list', '-n1', 'master' ]
24 error git rev-list -n1 master: fatal: ambiguous argument 'master': unknown revision or path not in the working tree.
24 error git rev-list -n1 master: Use '--' to separate paths from revisions, like this:
24 error git rev-list -n1 master: 'git <command> [<revision>...] -- [<file>...]'
25 silly fetchPackageMetaData Error: Command failed: git -c core.longpaths=true rev-list -n1 master
25 silly fetchPackageMetaData fatal: ambiguous argument 'master': unknown revision or path not in the working tree.
25 silly fetchPackageMetaData Use '--' to separate paths from revisions, like this:
25 silly fetchPackageMetaData 'git <command> [<revision>...] -- [<file>...]'
25 silly fetchPackageMetaData
25 silly fetchPackageMetaData     at ChildProcess.exithandler (child_process.js:213:12)
25 silly fetchPackageMetaData     at emitTwo (events.js:87:13)
25 silly fetchPackageMetaData     at ChildProcess.emit (events.js:172:7)
25 silly fetchPackageMetaData     at maybeClose (internal/child_process.js:818:16)
25 silly fetchPackageMetaData     at Process.ChildProcess._handle.onexit (internal/child_process.js:211:5)
25 silly fetchPackageMetaData  error for git+https://github.com/sdk-group/iris-auth.git { [Error: Command failed: git -c core.longpaths=true rev-list -n1 master
25 silly fetchPackageMetaData fatal: ambiguous argument 'master': unknown revision or path not in the working tree.
25 silly fetchPackageMetaData Use '--' to separate paths from revisions, like this:
25 silly fetchPackageMetaData 'git <command> [<revision>...] -- [<file>...]'
25 silly fetchPackageMetaData ]
25 silly fetchPackageMetaData   killed: false,
25 silly fetchPackageMetaData   code: 128,
25 silly fetchPackageMetaData   signal: null,
25 silly fetchPackageMetaData   cmd: 'git -c core.longpaths=true rev-list -n1 master' }
26 silly rollbackFailedOptional Starting
27 silly rollbackFailedOptional Finishing
28 silly runTopLevelLifecycles Starting
29 silly runTopLevelLifecycles Finishing
30 silly install printInstalled
31 verbose stack Error: Command failed: git -c core.longpaths=true rev-list -n1 master
31 verbose stack fatal: ambiguous argument 'master': unknown revision or path not in the working tree.
31 verbose stack Use '--' to separate paths from revisions, like this:
31 verbose stack 'git <command> [<revision>...] -- [<file>...]'
31 verbose stack
31 verbose stack     at ChildProcess.exithandler (child_process.js:213:12)
31 verbose stack     at emitTwo (events.js:87:13)
31 verbose stack     at ChildProcess.emit (events.js:172:7)
31 verbose stack     at maybeClose (internal/child_process.js:818:16)
31 verbose stack     at Process.ChildProcess._handle.onexit (internal/child_process.js:211:5)
32 verbose cwd C:\Users\Vergil\Documents\GitHub\service-engine
33 error Windows_NT 6.3.9600
34 error argv "C:\\Program Files\\nodejs\\node.exe" "C:\\Program Files\\nodejs\\node_modules\\npm\\bin\\npm-cli.js" "install" "git+https://github.com/sdk-group/iris-auth.git"
35 error node v5.1.1
36 error npm  v3.3.12
37 error code 128
38 error Command failed: git -c core.longpaths=true rev-list -n1 master
38 error fatal: ambiguous argument 'master': unknown revision or path not in the working tree.
38 error Use '--' to separate paths from revisions, like this:
38 error 'git <command> [<revision>...] -- [<file>...]'
39 error If you need help, you may report this error at:
39 error     <https://github.com/npm/npm/issues>
40 verbose exit [ 1, true ]
